<?xml version="1.0" encoding="UTF-8"?>
<testng-results skipped="0" failed="0" ignored="0" total="3" passed="3">
  <reporter-output>
  </reporter-output>
  <suite name="Default suite" duration-ms="11113" started-at="2021-08-16T19:06:33 IST" finished-at="2021-08-16T19:06:44 IST">
    <groups>
    </groups>
    <test name="Default test" duration-ms="11113" started-at="2021-08-16T19:06:33 IST" finished-at="2021-08-16T19:06:44 IST">
      <class name="files.DynamicJson">
        <test-method status="PASS" signature="addBook(java.lang.String, java.lang.String)[pri:0, instance:files.DynamicJson@3a5ed7a6]" name="addBook" duration-ms="9851" started-at="2021-08-16T19:06:33 IST" data-provider="booksData" finished-at="2021-08-16T19:06:43 IST">
          <params>
            <param index="0">
              <value>
                <![CDATA[abcd]]>
              </value>
            </param>
            <param index="1">
              <value>
                <![CDATA[2331]]>
              </value>
            </param>
          </params>
          <reporter-output>
          </reporter-output>
        </test-method> <!-- addBook -->
        <test-method status="PASS" signature="addBook(java.lang.String, java.lang.String)[pri:0, instance:files.DynamicJson@3a5ed7a6]" name="addBook" duration-ms="623" started-at="2021-08-16T19:06:43 IST" data-provider="booksData" finished-at="2021-08-16T19:06:44 IST">
          <params>
            <param index="0">
              <value>
                <![CDATA[dfgh]]>
              </value>
            </param>
            <param index="1">
              <value>
                <![CDATA[4443]]>
              </value>
            </param>
          </params>
          <reporter-output>
          </reporter-output>
        </test-method> <!-- addBook -->
        <test-method status="PASS" signature="addBook(java.lang.String, java.lang.String)[pri:0, instance:files.DynamicJson@3a5ed7a6]" name="addBook" duration-ms="508" started-at="2021-08-16T19:06:44 IST" data-provider="booksData" finished-at="2021-08-16T19:06:44 IST">
          <params>
            <param index="0">
              <value>
                <![CDATA[qwer]]>
              </value>
            </param>
            <param index="1">
              <value>
                <![CDATA[3245]]>
              </value>
            </param>
          </params>
          <reporter-output>
          </reporter-output>
        </test-method> <!-- addBook -->
      </class> <!-- files.DynamicJson -->
    </test> <!-- Default test -->
  </suite> <!-- Default suite -->
</testng-results>
